<?xml version="1.0" encoding="UTF-8"?>
<testng-results total="3" passed="3" failed="0" skipped="0">
  <reporter-output>
  </reporter-output>
  <suite started-at="2022-05-08T09:25:30Z" name="Suite" finished-at="2022-05-08T09:25:39Z" duration-ms="9560">
    <groups>
    </groups>
    <test started-at="2022-05-08T09:25:30Z" name="Test" finished-at="2022-05-08T09:25:39Z" duration-ms="9560">
      <class name="com.springboot.TestClass">
        <test-method signature="test1()" started-at="2022-05-08T09:25:30Z" name="test1" finished-at="2022-05-08T09:25:39Z" duration-ms="8921" status="PASS">
        </test-method>
        <test-method signature="test2()" started-at="2022-05-08T09:25:39Z" name="test2" finished-at="2022-05-08T09:25:39Z" duration-ms="4" status="PASS">
        </test-method>
        <test-method signature="test3()" started-at="2022-05-08T09:25:39Z" name="test3" finished-at="2022-05-08T09:25:39Z" duration-ms="594" status="PASS">
        </test-method>
      </class>
    </test>
  </suite>
</testng-results>
